                             ....
              .',:clooo:  .:looooo:.
           .;looooooooc  .oooooooooo'
        .;looooool:,''.  :ooooooooooc
       ;looool;.         'oooooooooo,
      ;clool'             .cooooooc.  ,,
         ...                ......  .:oo,
  .;clol:,.                        .loooo'
 :ooooooooo,                        'ooool
'ooooooooooo.                        loooo.
'ooooooooool                         coooo.
 ,loooooooc.                        .loooo.
   .,;;;'.                          ;ooooc
       ...                         ,ooool.
    .cooooc.              ..',,'.  .cooo.
      ;ooooo:.           ;oooooooc.  :l.
       .coooooc,..      coooooooooo.
         .:ooooooolc:. .ooooooooooo'
           .':loooooo;  ,oooooooooc
               ..';::c'  .;loooo:'[1G[19A[47Clinux_user@DESKTOP-6ODE3PC
[47C--------------------------
[47COS: Ubuntu 26.04 (Resolute Raccoon) x86_64
[47CHost: Windows Subsystem for Linux - Ubuntu (2.6.1.0)
[47CKernel: Linux 6.6.87.2-microsoft-standard-WSL2
[47CUptime: 3 hours, 28 mins
[47CPackages: 550 (dpkg)
[47CShell: bash 5.3.9
[47CDisplay (XWAYLAND0): 1920x1080, 60 Hz
[47CDE: WSLg
[47CWM: Weston WM (Microsoft Corporation)
[47CTheme: Yaru [GTK3]
[47CIcons: Yaru [GTK3]
[47CCursor: Adwaita
[47CTerminal: xterm-256color
[47CCPU: AMD Ryzen 7 7735HS (16) @ 3.19 GHz
[47CGPU 1: NVIDIA GeForce RTX 4060 Laptop GPU (7.77 GiB) [Discrete]
[47CGPU 2: AMD Radeon(TM) Graphics (485.80 MiB) [Integrated]
[47CMemory: 593.70 MiB / 7.36 GiB (8%)
[47CSwap: 0 B / 2.00 GiB (0%)
[47CDisk (/): 1.50 GiB / 1006.85 GiB (0%) - ext4
[47CDisk (/mnt/c): 121.85 GiB / 237.19 GiB (51%) - 9p
[47CDisk (/mnt/d): 30.99 GiB / 613.64 GiB (5%) - 9p
[47CDisk (/mnt/e): 6.97 GiB / 97.66 GiB (7%) - 9p
[47CLocal IP (eth0): 172.29.46.0/20
[47CBattery (Microsoft Hyper-V Virtual Battery): 100% [AC Connected]
[47CLocale: C.UTF-8
[47C
[47C[40m   [41m   [42m   [43m   [44m   [45m   [46m   [47m   [m
[47C[100m   [101m   [102m   [103m   [104m   [105m   [106m   [107m   [m
